{
"C:\\bamboo\\SRC\\131073\\CELLARISE-MDGULIST-JOB1\\test\\resources\\lib\\add.js":{"path":"C:\\bamboo\\SRC\\131073\\CELLARISE-MDGULIST-JOB1\\test\\resources\\lib\\add.js","s":{"1":1,"2":1,"3":1,"4":0},"b":{},"f":{"1":1,"2":0},"fnMap":{"1":{"name":"(anonymous_1)","line":4,"loc":{"start":{"line":4,"column":14},"end":{"line":4,"column":30}}},"2":{"name":"(anonymous_2)","line":8,"loc":{"start":{"line":8,"column":17},"end":{"line":8,"column":29}}}},"statementMap":{"1":{"start":{"line":4,"column":0},"end":{"line":6,"column":2}},"2":{"start":{"line":5,"column":4},"end":{"line":5,"column":17}},"3":{"start":{"line":8,"column":0},"end":{"line":10,"column":2}},"4":{"start":{"line":9,"column":4},"end":{"line":9,"column":25}}},"branchMap":{},"l":{"4":1,"5":1,"8":1,"9":0}}}
